10:17:58.208 [main] INFO  o.e.issproject.IssProjectApplication - Starting IssProjectApplication using Java 21.0.9 with PID 2180 (D:\Faculta\MPP\ISS-Project\build\classes\java\main started by Raul in D:\Faculta\MPP\ISS-Project)
10:17:58.215 [main] INFO  o.e.issproject.IssProjectApplication - No active profile set, falling back to 1 default profile: "default"
10:17:59.137 [main] INFO  o.s.d.r.c.RepositoryConfigurationDelegate - Bootstrapping Spring Data JPA repositories in DEFAULT mode.
10:17:59.200 [main] INFO  o.s.d.r.c.RepositoryConfigurationDelegate - Finished Spring Data repository scanning in 63 ms. Found 2 JPA repository interfaces.
10:18:00.521 [main] INFO  o.s.boot.tomcat.TomcatWebServer - Tomcat initialized with port 8081 (http)
10:18:00.584 [main] INFO  o.a.coyote.http11.Http11NioProtocol - Initializing ProtocolHandler ["http-nio-8081"]
10:18:00.595 [main] INFO  o.a.catalina.core.StandardService - Starting service [Tomcat]
10:18:00.598 [main] INFO  o.a.catalina.core.StandardEngine - Starting Servlet engine: [Apache Tomcat/11.0.21]
10:18:00.881 [main] INFO  o.s.b.w.c.s.WebApplicationContextInitializer - Root WebApplicationContext: initialization completed in 2612 ms
10:18:01.493 [main] INFO  org.hibernate.orm.jpa - HHH008540: Processing PersistenceUnitInfo [name: default]
10:18:01.800 [main] INFO  org.hibernate.orm.core - HHH000001: Hibernate ORM core version 7.2.12.Final
10:18:04.505 [main] INFO  o.s.o.j.p.SpringPersistenceUnitInfo - No LoadTimeWeaver setup: ignoring JPA class transformer
10:18:04.722 [main] INFO  com.zaxxer.hikari.HikariDataSource - HikariPool-1 - Starting...
10:18:05.353 [main] INFO  com.zaxxer.hikari.pool.HikariPool - HikariPool-1 - Added connection org.postgresql.jdbc.PgConnection@7d5a0b14
10:18:05.353 [main] INFO  com.zaxxer.hikari.HikariDataSource - HikariPool-1 - Start completed.
10:18:05.721 [main] INFO  o.hibernate.orm.connections.pooling - HHH10001005: Database info:
	Database JDBC URL [jdbc:postgresql://localhost:5432/discord_clone]
	Database driver: PostgreSQL JDBC Driver
	Database dialect: PostgreSQLDialect
	Database version: 18.0
	Default catalog/schema: discord_clone/public
	Autocommit mode: undefined/unknown
	Isolation level: READ_COMMITTED [default READ_COMMITTED]
	JDBC fetch size: none
	Pool: DataSourceConnectionProvider
	Minimum pool size: undefined/unknown
	Maximum pool size: undefined/unknown
10:18:08.911 [main] INFO  org.hibernate.orm.core - HHH000489: No JTA platform available (set 'hibernate.transaction.jta.platform' to enable JTA platform integration)
10:18:09.067 [main] INFO  o.s.o.j.LocalContainerEntityManagerFactoryBean - Initialized JPA EntityManagerFactory for persistence unit 'default'
10:18:09.172 [main] INFO  o.s.d.j.r.q.QueryEnhancerFactories - Hibernate is in classpath; If applicable, HQL parser will be used.
10:18:09.693 [main] INFO  o.s.s.c.a.a.c.InitializeAuthenticationProviderBeanManagerConfigurer$InitializeAuthenticationProviderManagerConfigurer - Global AuthenticationManager configured with AuthenticationProvider bean with name authenticationProvider
10:18:09.693 [main] WARN  o.s.s.c.a.a.c.InitializeUserDetailsBeanManagerConfigurer$InitializeUserDetailsManagerConfigurer - Global AuthenticationManager configured with an AuthenticationProvider bean. UserDetailsService beans will not be used by Spring Security for automatically configuring username/password login. Consider removing the AuthenticationProvider bean. Alternatively, consider using the UserDetailsService in a manually instantiated DaoAuthenticationProvider. If the current configuration is intentional, to turn off this warning, increase the logging level of 'org.springframework.security.config.annotation.authentication.configuration.InitializeUserDetailsBeanManagerConfigurer' to ERROR
10:18:09.759 [main] WARN  o.s.b.j.a.JpaBaseConfiguration$JpaWebConfiguration - spring.jpa.open-in-view is enabled by default. Therefore, database queries may be performed during view rendering. Explicitly configure spring.jpa.open-in-view to disable this warning
10:18:10.325 [main] INFO  o.a.coyote.http11.Http11NioProtocol - Starting ProtocolHandler ["http-nio-8081"]
10:18:10.344 [main] INFO  o.s.boot.tomcat.TomcatWebServer - Tomcat started on port 8081 (http) with context path '/'
10:18:10.348 [main] INFO  o.e.issproject.IssProjectApplication - Started IssProjectApplication in 12.765 seconds (process running for 13.622)
10:18:12.482 [http-nio-8081-exec-1] INFO  o.a.c.c.C.[Tomcat].[localhost].[/] - Initializing Spring DispatcherServlet 'dispatcherServlet'
10:18:12.482 [http-nio-8081-exec-1] INFO  o.s.web.servlet.DispatcherServlet - Initializing Servlet 'dispatcherServlet'
10:18:12.490 [http-nio-8081-exec-1] INFO  o.s.web.servlet.DispatcherServlet - Completed initialization in 7 ms
10:18:12.843 [http-nio-8081-exec-3] INFO  o.e.issproject.service.UserService - Login method called for username=billy
10:18:13.878 [http-nio-8081-exec-3] DEBUG org.hibernate.SQL - select u1_0.id,u1_0.created_at,u1_0.email,u1_0.password_hash,u1_0.username from users u1_0 where u1_0.username=?
10:18:13.941 [http-nio-8081-exec-3] DEBUG org.hibernate.SQL - select p1_0.user_id,p1_0.activity_status,p1_0.description,p1_0.profile_pic_url,u1_0.id,u1_0.created_at,u1_0.email,u1_0.password_hash,u1_0.username from profiles p1_0 join users u1_0 on u1_0.id=p1_0.user_id where p1_0.user_id=?
10:18:14.198 [http-nio-8081-exec-3] INFO  o.e.issproject.service.UserService - Authentication successful for username=billy
10:18:15.747 [http-nio-8081-exec-6] DEBUG org.hibernate.SQL - select u1_0.id,u1_0.created_at,u1_0.email,u1_0.password_hash,u1_0.username from users u1_0 where u1_0.username=?
10:18:15.747 [http-nio-8081-exec-6] DEBUG org.hibernate.SQL - select p1_0.user_id,p1_0.activity_status,p1_0.description,p1_0.profile_pic_url,u1_0.id,u1_0.created_at,u1_0.email,u1_0.password_hash,u1_0.username from profiles p1_0 join users u1_0 on u1_0.id=p1_0.user_id where p1_0.user_id=?
10:18:15.789 [http-nio-8081-exec-6] DEBUG org.hibernate.SQL - select p1_0.user_id,p1_0.activity_status,p1_0.description,p1_0.profile_pic_url from profiles p1_0 where p1_0.user_id=?
10:18:15.789 [http-nio-8081-exec-6] DEBUG org.hibernate.SQL - select u1_0.id,u1_0.created_at,u1_0.email,u1_0.password_hash,u1_0.username from users u1_0 where u1_0.id=?
10:18:15.805 [http-nio-8081-exec-6] INFO  o.e.i.service.ProfileService - Profile found for User: billy
10:18:15.912 [http-nio-8081-exec-7] DEBUG org.hibernate.SQL - select u1_0.id,u1_0.created_at,u1_0.email,u1_0.password_hash,u1_0.username from users u1_0 where u1_0.username=?
10:18:15.912 [http-nio-8081-exec-7] DEBUG org.hibernate.SQL - select p1_0.user_id,p1_0.activity_status,p1_0.description,p1_0.profile_pic_url,u1_0.id,u1_0.created_at,u1_0.email,u1_0.password_hash,u1_0.username from profiles p1_0 join users u1_0 on u1_0.id=p1_0.user_id where p1_0.user_id=?
10:18:15.923 [http-nio-8081-exec-7] DEBUG org.hibernate.SQL - select p1_0.user_id,p1_0.activity_status,p1_0.description,p1_0.profile_pic_url from profiles p1_0 where p1_0.user_id=?
10:18:15.927 [http-nio-8081-exec-7] DEBUG org.hibernate.SQL - select u1_0.id,u1_0.created_at,u1_0.email,u1_0.password_hash,u1_0.username from users u1_0 where u1_0.id=?
10:18:15.927 [http-nio-8081-exec-7] INFO  o.e.i.service.ProfileService - Profile found for User: billy
10:18:40.859 [SpringApplicationShutdownHook] INFO  o.s.boot.tomcat.GracefulShutdown - Commencing graceful shutdown. Waiting for active requests to complete
10:18:40.889 [tomcat-shutdown] INFO  o.s.boot.tomcat.GracefulShutdown - Graceful shutdown complete
10:18:40.894 [SpringApplicationShutdownHook] INFO  o.s.o.j.LocalContainerEntityManagerFactoryBean - Closing JPA EntityManagerFactory for persistence unit 'default'
10:18:40.896 [SpringApplicationShutdownHook] INFO  com.zaxxer.hikari.HikariDataSource - HikariPool-1 - Shutdown initiated...
10:18:40.899 [SpringApplicationShutdownHook] INFO  com.zaxxer.hikari.HikariDataSource - HikariPool-1 - Shutdown completed.
